Build started 7/19/2015 12:00:16 PM.
     1>Project "C:\Users\blazermed\Desktop\CST136\Assignment3\Assignment3\Assignment3.vcxproj" on node 2 (Build target(s)).
     1>ClCompile:
         C:\Program Files (x86)\Microsoft Visual Studio 12.0\VC\bin\CL.exe /c /ZI /nologo /W3 /WX- /sdl /Od /Oy- /D WIN32 /D _DEBUG /D _CONSOLE /D _LIB /D _UNICODE /D UNICODE /Gm /EHsc /RTC1 /MDd /GS /fp:precise /Zc:wchar_t /Zc:forScope /Fo"Debug\\" /Fd"Debug\vc120.pdb" /Gd /TP /analyze- /errorReport:prompt mainTest.cpp
         mainTest.cpp
     1>c:\users\blazermed\desktop\cst136\assignment3\assignment3\maintest.cpp(31): warning C4305: 'argument' : truncation from 'double' to 'float'
     1>c:\users\blazermed\desktop\cst136\assignment3\assignment3\maintest.cpp(32): warning C4305: 'argument' : truncation from 'double' to 'float'
     1>c:\users\blazermed\desktop\cst136\assignment3\assignment3\maintest.cpp(119): warning C4244: 'argument' : conversion from 'int' to 'float', possible loss of data
     1>c:\users\blazermed\desktop\cst136\assignment3\assignment3\maintest.cpp(144): warning C4305: 'argument' : truncation from 'double' to 'float'
     1>c:\users\blazermed\desktop\cst136\assignment3\assignment3\maintest.cpp(145): warning C4305: 'argument' : truncation from 'double' to 'float'
     1>c:\users\blazermed\desktop\cst136\assignment3\assignment3\maintest.cpp(164): warning C4305: 'argument' : truncation from 'double' to 'float'
     1>c:\users\blazermed\desktop\cst136\assignment3\assignment3\maintest.cpp(165): warning C4305: 'argument' : truncation from 'double' to 'float'
     1>c:\users\blazermed\desktop\cst136\assignment3\assignment3\maintest.cpp(192): warning C4244: '=' : conversion from 'double' to 'float', possible loss of data
       Link:
         C:\Program Files (x86)\Microsoft Visual Studio 12.0\VC\bin\link.exe /ERRORREPORT:PROMPT /OUT:"C:\Users\blazermed\Desktop\CST136\Assignment3\Debug\Assignment3.exe" /INCREMENTAL /NOLOGO kernel32.lib user32.lib gdi32.lib winspool.lib comdlg32.lib advapi32.lib shell32.lib ole32.lib oleaut32.lib uuid.lib odbc32.lib odbccp32.lib /MANIFEST /MANIFESTUAC:"level='asInvoker' uiAccess='false'" /manifest:embed /DEBUG /PDB:"C:\Users\blazermed\Desktop\CST136\Assignment3\Debug\Assignment3.pdb" /SUBSYSTEM:CONSOLE /TLBID:1 /DYNAMICBASE /NXCOMPAT /IMPLIB:"C:\Users\blazermed\Desktop\CST136\Assignment3\Debug\Assignment3.lib" /MACHINE:X86 Debug\mainTest.obj
         Debug\refCounter.obj
         Assignment3.vcxproj -> C:\Users\blazermed\Desktop\CST136\Assignment3\Debug\Assignment3.exe
     1>Done Building Project "C:\Users\blazermed\Desktop\CST136\Assignment3\Assignment3\Assignment3.vcxproj" (Build target(s)).

Build succeeded.

Time Elapsed 00:00:06.80
